cl2025-01-25 15:54:47 - ERROR - Erro ao inicializar bot: HTTPSConnectionPool(host='api.binance.com', port=443): Max retries exceeded with url: /api/v3/ping (Caused by ConnectTimeoutError(<urllib3.connection.HTTPSConnection object at 0x000001D20B30AE10>, 'Connection to api.binance.com timed out. (connect timeout=10)'))
2025-01-25 15:54:54 - INFO - Robô Trader iniciado com sucesso
2025-01-25 15:55:03 - INFO - Robô Trader iniciado com sucesso
2025-01-25 15:55:17 - INFO - Robô Trader iniciado com sucesso
2025-01-25 15:55:25 - INFO - Robô Trader iniciado com sucesso
2025-01-25 16:32:16 - ERROR - Erro ao inicializar bot: BinanceTraderBot.__init__() got an unexpected keyword argument 'stock_code'
2025-01-25 16:32:38 - ERROR - Erro ao inicializar bot: BinanceTraderBot.__init__() got an unexpected keyword argument 'stock_code'
2025-01-25 16:56:01 - ERROR - Erro ao inicializar bot: name 'TradingConfig' is not defined
2025-01-25 16:56:06 - ERROR - Erro ao inicializar bot: name 'TradingConfig' is not defined
2025-01-25 17:04:20 - INFO - Robô Trader iniciado com sucesso
2025-01-25 17:04:48 - INFO - Robô Trader iniciado com sucesso
2025-01-25 17:04:50 - INFO - Robô Trader iniciado com sucesso
2025-01-25 17:04:58 - INFO - Robô Trader iniciado com sucesso
2025-01-25 17:09:42 - INFO - Robô Trader iniciado com sucesso
2025-01-25 17:11:54 - INFO - Robô Trader iniciado com sucesso
2025-01-25 17:15:24 - INFO - Robô Trader iniciado com sucesso
2025-01-25 17:16:13 - INFO - Robô Trader iniciado com sucesso
2025-01-25 17:16:23 - ERROR - Erro ao atualizar dados: HTTPSConnectionPool(host='api.binance.com', port=443): Max retries exceeded with url: /api/v3/account?recvWindow=10000&timestamp=1737836173779&signature=6e71eae499ce896ea880e6c486015d6e2e42a6f23ed95a81dd6efdb640fc77cc (Caused by ConnectTimeoutError(<urllib3.connection.HTTPSConnection object at 0x000001EDFA31C750>, 'Connection to api.binance.com timed out. (connect timeout=10)'))
2025-01-25 17:17:35 - INFO - Robô Trader iniciado com sucesso
2025-01-25 17:17:55 - INFO - Robô Trader iniciado com sucesso
2025-01-25 17:18:13 - ERROR - Erro ao inicializar bot: HTTPSConnectionPool(host='api.binance.com', port=443): Max retries exceeded with url: /api/v3/ping (Caused by ConnectTimeoutError(<urllib3.connection.HTTPSConnection object at 0x0000029A2910F2D0>, 'Connection to api.binance.com timed out. (connect timeout=10)'))
2025-01-25 17:38:41 - INFO - Robô Trader iniciado com sucesso
2025-01-25 17:38:55 - INFO - Robô Trader iniciado com sucesso
2025-01-25 17:39:00 - INFO - Robô Trader iniciado com sucesso
2025-01-25 17:50:30 - INFO - Robô Trader iniciado com sucesso
2025-01-25 17:50:55 - INFO - Robô Trader iniciado com sucesso
2025-01-25 17:51:01 - INFO - Robô Trader iniciado com sucesso
2025-01-25 17:51:02 - INFO - Robô Trader iniciado com sucesso
2025-01-25 17:51:04 - INFO - Robô Trader iniciado com sucesso
2025-01-25 17:51:05 - INFO - Robô Trader iniciado com sucesso
2025-01-25 17:53:16 - INFO - Robô Trader iniciado com sucesso
